-------------------------------------------------------------------------------
Test set: com.tomekl007.packt.booking.api.security.MVCControllerSecurityTest
-------------------------------------------------------------------------------
Tests run: 4, Failures: 0, Errors: 4, Skipped: 0, Time elapsed: 12.312 s <<< FAILURE! - in com.tomekl007.packt.booking.api.security.MVCControllerSecurityTest
shouldPostNewTravelWithCsrf(com.tomekl007.packt.booking.api.security.MVCControllerSecurityTest)  Time elapsed: 0 s  <<< ERROR!
java.lang.IllegalStateException: Failed to load ApplicationContext
Caused by: org.springframework.beans.factory.BeanCreationException: Error creating bean with name 'org.springframework.security.config.annotation.web.configuration.WebSecurityConfiguration': Injection of autowired dependencies failed; nested exception is java.lang.IllegalStateException: @Order on WebSecurityConfigurers must be unique. Order of 100 was already used on com.tomekl007.packt.booking.infrastructure.security.SpringSecurityWebAppConfigWithCsrf@26463a6, so it cannot be used on com.tomekl007.packt.booking.infrastructure.security.SpringSecurityWebAppConfig$$EnhancerBySpringCGLIB$$70c2dc2e@47be41c6 too.
Caused by: java.lang.IllegalStateException: @Order on WebSecurityConfigurers must be unique. Order of 100 was already used on com.tomekl007.packt.booking.infrastructure.security.SpringSecurityWebAppConfigWithCsrf@26463a6, so it cannot be used on com.tomekl007.packt.booking.infrastructure.security.SpringSecurityWebAppConfig$$EnhancerBySpringCGLIB$$70c2dc2e@47be41c6 too.

shouldReturnAllAvailableTravels(com.tomekl007.packt.booking.api.security.MVCControllerSecurityTest)  Time elapsed: 0 s  <<< ERROR!
java.lang.IllegalStateException: Failed to load ApplicationContext
Caused by: org.springframework.beans.factory.BeanCreationException: Error creating bean with name 'org.springframework.security.config.annotation.web.configuration.WebSecurityConfiguration': Injection of autowired dependencies failed; nested exception is java.lang.IllegalStateException: @Order on WebSecurityConfigurers must be unique. Order of 100 was already used on com.tomekl007.packt.booking.infrastructure.security.SpringSecurityWebAppConfigWithCsrf@30fa8a6b, so it cannot be used on com.tomekl007.packt.booking.infrastructure.security.SpringSecurityWebAppConfig$$EnhancerBySpringCGLIB$$70c2dc2e@4cc4d454 too.
Caused by: java.lang.IllegalStateException: @Order on WebSecurityConfigurers must be unique. Order of 100 was already used on com.tomekl007.packt.booking.infrastructure.security.SpringSecurityWebAppConfigWithCsrf@30fa8a6b, so it cannot be used on com.tomekl007.packt.booking.infrastructure.security.SpringSecurityWebAppConfig$$EnhancerBySpringCGLIB$$70c2dc2e@4cc4d454 too.

shouldReturnFormForCreatingTravelWithCsrfHiddenField(com.tomekl007.packt.booking.api.security.MVCControllerSecurityTest)  Time elapsed: 0 s  <<< ERROR!
java.lang.IllegalStateException: Failed to load ApplicationContext
Caused by: org.springframework.beans.factory.BeanCreationException: Error creating bean with name 'org.springframework.security.config.annotation.web.configuration.WebSecurityConfiguration': Injection of autowired dependencies failed; nested exception is java.lang.IllegalStateException: @Order on WebSecurityConfigurers must be unique. Order of 100 was already used on com.tomekl007.packt.booking.infrastructure.security.SpringSecurityWebAppConfigWithCsrf@653e7b, so it cannot be used on com.tomekl007.packt.booking.infrastructure.security.SpringSecurityWebAppConfig$$EnhancerBySpringCGLIB$$70c2dc2e@5be69f7e too.
Caused by: java.lang.IllegalStateException: @Order on WebSecurityConfigurers must be unique. Order of 100 was already used on com.tomekl007.packt.booking.infrastructure.security.SpringSecurityWebAppConfigWithCsrf@653e7b, so it cannot be used on com.tomekl007.packt.booking.infrastructure.security.SpringSecurityWebAppConfig$$EnhancerBySpringCGLIB$$70c2dc2e@5be69f7e too.

shouldReturn403IfPostWithoutCsrf(com.tomekl007.packt.booking.api.security.MVCControllerSecurityTest)  Time elapsed: 0 s  <<< ERROR!
java.lang.IllegalStateException: Failed to load ApplicationContext
Caused by: org.springframework.beans.factory.BeanCreationException: Error creating bean with name 'org.springframework.security.config.annotation.web.configuration.WebSecurityConfiguration': Injection of autowired dependencies failed; nested exception is java.lang.IllegalStateException: @Order on WebSecurityConfigurers must be unique. Order of 100 was already used on com.tomekl007.packt.booking.infrastructure.security.SpringSecurityWebAppConfigWithCsrf@2f262474, so it cannot be used on com.tomekl007.packt.booking.infrastructure.security.SpringSecurityWebAppConfig$$EnhancerBySpringCGLIB$$70c2dc2e@5abb7a8f too.
Caused by: java.lang.IllegalStateException: @Order on WebSecurityConfigurers must be unique. Order of 100 was already used on com.tomekl007.packt.booking.infrastructure.security.SpringSecurityWebAppConfigWithCsrf@2f262474, so it cannot be used on com.tomekl007.packt.booking.infrastructure.security.SpringSecurityWebAppConfig$$EnhancerBySpringCGLIB$$70c2dc2e@5abb7a8f too.

