<?xml version="1.0" encoding="UTF-8"?>
<testsuite xmlns:xsi="http://www.w3.org/2001/XMLSchema-instance" xsi:noNamespaceSchemaLocation="https://maven.apache.org/surefire/maven-surefire-plugin/xsd/surefire-test-report.xsd" name="com.tomekl007.packt.booking.api.MVCControllerTest" time="8.664" tests="3" errors="0" skipped="0" failures="1">
  <properties>
[...]
</properties>
  <testcase name="shouldReturnFormForCreatingTravel" classname="com.tomekl007.packt.booking.api.MVCControllerTest" time="1.269">
    <failure message="Response content&#10;Expected: a string containing &quot;&lt;form action=\&quot;/mvc/travel\&quot; method=\&quot;post\&quot;&gt;\n    &lt;p&gt;userId: &lt;input type=\&quot;text\&quot; id=\&quot;userId\&quot; name=\&quot;userId\&quot; value=\&quot;\&quot;/&gt;&lt;/p&gt;\n    &lt;p&gt;source: &lt;input type=\&quot;text\&quot; id=\&quot;source\&quot; name=\&quot;source\&quot; value=\&quot;\&quot;/&gt;&lt;/p&gt;\n    &lt;p&gt;destination: &lt;input type=\&quot;text\&quot; id=\&quot;destination\&quot; name=\&quot;destination\&quot; value=\&quot;\&quot;/&gt;&lt;/p&gt;\n    &lt;p&gt;&lt;input type=\&quot;submit\&quot; value=\&quot;Submit\&quot;/&gt; &lt;input type=\&quot;reset\&quot; value=\&quot;Reset\&quot;/&gt;&lt;/p&gt;\n&lt;/form&gt;&quot;&#10;     but: was &quot;&lt;html&gt;&#10;&lt;head&gt;&#10;    &lt;title&gt;Create new Travel&lt;/title&gt;&#10;    &lt;meta http-equiv=&quot;Content-Type&quot; content=&quot;text/html; charset=UTF-8&quot;/&gt;&#10;&lt;/head&gt;&#10;&lt;body&gt;&#10;&lt;h1&gt;Form&lt;/h1&gt;&#10;&lt;form action=&quot;/mvc/travel&quot; method=&quot;post&quot;&gt;&#10;    &lt;p&gt;userId: &lt;input type=&quot;text&quot; id=&quot;userId&quot; name=&quot;userId&quot; value=&quot;&quot;/&gt;&lt;/p&gt;&#10;    &lt;p&gt;source: &lt;input type=&quot;text&quot; id=&quot;source&quot; name=&quot;source&quot; value=&quot;&quot;/&gt;&lt;/p&gt;&#10;    &lt;p&gt;destination: &lt;input type=&quot;text&quot; id=&quot;destination&quot; name=&quot;destination&quot; value=&quot;&quot;/&gt;&lt;/p&gt;&#10;    &lt;p&gt;&lt;input type=&quot;submit&quot; value=&quot;Submit&quot;/&gt; &lt;input type=&quot;reset&quot; value=&quot;Reset&quot;/&gt;&lt;/p&gt;&#10;&lt;/form&gt;&#10;&lt;/body&gt;&#10;&lt;/html&gt;&quot;" type="java.lang.AssertionError"><![CDATA[java.lang.AssertionError: 
Response content
Expected: a string containing "<form action=\"/mvc/travel\" method=\"post\">\n    <p>userId: <input type=\"text\" id=\"userId\" name=\"userId\" value=\"\"/></p>\n    <p>source: <input type=\"text\" id=\"source\" name=\"source\" value=\"\"/></p>\n    <p>destination: <input type=\"text\" id=\"destination\" name=\"destination\" value=\"\"/></p>\n    <p><input type=\"submit\" value=\"Submit\"/> <input type=\"reset\" value=\"Reset\"/></p>\n</form>"
     but: was "<html>
<head>
    <title>Create new Travel</title>
    <meta http-equiv="Content-Type" content="text/html; charset=UTF-8"/>
</head>
<body>
<h1>Form</h1>
<form action="/mvc/travel" method="post">
    <p>userId: <input type="text" id="userId" name="userId" value=""/></p>
    <p>source: <input type="text" id="source" name="source" value=""/></p>
    <p>destination: <input type="text" id="destination" name="destination" value=""/></p>
    <p><input type="submit" value="Submit"/> <input type="reset" value="Reset"/></p>
</form>
</body>
</html>"
	at com.tomekl007.packt.booking.api.MVCControllerTest.shouldReturnFormForCreatingTravel(MVCControllerTest.java:68)
]]></failure>
    <system-out><![CDATA[11:15:48.189 [main] DEBUG org.springframework.test.context.junit4.SpringJUnit4ClassRunner - SpringJUnit4ClassRunner constructor called with [class com.tomekl007.packt.booking.api.MVCControllerTest]
11:15:48.196 [main] DEBUG org.springframework.test.context.BootstrapUtils - Instantiating CacheAwareContextLoaderDelegate from class [org.springframework.test.context.cache.DefaultCacheAwareContextLoaderDelegate]
11:15:48.207 [main] DEBUG org.springframework.test.context.BootstrapUtils - Instantiating BootstrapContext using constructor [public org.springframework.test.context.support.DefaultBootstrapContext(java.lang.Class,org.springframework.test.context.CacheAwareContextLoaderDelegate)]
11:15:48.246 [main] DEBUG org.springframework.test.context.BootstrapUtils - Instantiating TestContextBootstrapper for test class [com.tomekl007.packt.booking.api.MVCControllerTest] from class [org.springframework.boot.test.autoconfigure.web.servlet.WebMvcTestContextBootstrapper]
11:15:48.278 [main] DEBUG org.springframework.test.context.support.AbstractContextLoader - Did not detect default resource location for test class [com.tomekl007.packt.booking.api.MVCControllerTest]: class path resource [com/tomekl007/packt/booking/api/MVCControllerTest-context.xml] does not exist
11:15:48.278 [main] DEBUG org.springframework.test.context.support.AbstractContextLoader - Did not detect default resource location for test class [com.tomekl007.packt.booking.api.MVCControllerTest]: class path resource [com/tomekl007/packt/booking/api/MVCControllerTestContext.groovy] does not exist
11:15:48.278 [main] INFO org.springframework.test.context.support.AbstractContextLoader - Could not detect default resource locations for test class [com.tomekl007.packt.booking.api.MVCControllerTest]: no resource found for suffixes {-context.xml, Context.groovy}.
11:15:48.392 [main] DEBUG org.springframework.test.context.support.ActiveProfilesUtils - Could not find an 'annotation declaring class' for annotation type [org.springframework.test.context.ActiveProfiles] and class [com.tomekl007.packt.booking.api.MVCControllerTest]
11:15:48.423 [main] DEBUG org.springframework.boot.test.autoconfigure.web.servlet.WebMvcTestContextBootstrapper - @TestExecutionListeners is not present for class [com.tomekl007.packt.booking.api.MVCControllerTest]: using defaults.
11:15:48.424 [main] INFO org.springframework.boot.test.autoconfigure.web.servlet.WebMvcTestContextBootstrapper - Loaded default TestExecutionListener class names from location [META-INF/spring.factories]: [org.springframework.boot.test.mock.mockito.MockitoTestExecutionListener, org.springframework.boot.test.mock.mockito.ResetMocksTestExecutionListener, org.springframework.boot.test.autoconfigure.restdocs.RestDocsTestExecutionListener, org.springframework.boot.test.autoconfigure.web.client.MockRestServiceServerResetTestExecutionListener, org.springframework.boot.test.autoconfigure.web.servlet.MockMvcPrintOnlyOnFailureTestExecutionListener, org.springframework.boot.test.autoconfigure.web.servlet.WebDriverTestExecutionListener, org.springframework.test.context.web.ServletTestExecutionListener, org.springframework.test.context.support.DirtiesContextBeforeModesTestExecutionListener, org.springframework.test.context.support.DependencyInjectionTestExecutionListener, org.springframework.test.context.support.DirtiesContextTestExecutionListener, org.springframework.test.context.transaction.TransactionalTestExecutionListener, org.springframework.test.context.jdbc.SqlScriptsTestExecutionListener, org.springframework.security.test.context.support.WithSecurityContextTestExecutionListener, org.springframework.security.test.context.support.ReactorContextTestExecutionListener]
11:15:48.471 [main] INFO org.springframework.boot.test.autoconfigure.web.servlet.WebMvcTestContextBootstrapper - Using TestExecutionListeners: [org.springframework.test.context.web.ServletTestExecutionListener@3754a4bf, org.springframework.test.context.support.DirtiesContextBeforeModesTestExecutionListener@62379589, org.springframework.boot.test.mock.mockito.MockitoTestExecutionListener@4afcd809, org.springframework.boot.test.autoconfigure.SpringBootDependencyInjectionTestExecutionListener@175c2241, org.springframework.test.context.support.DirtiesContextTestExecutionListener@5bf0d49, org.springframework.test.context.transaction.TransactionalTestExecutionListener@5b7a5baa, org.springframework.test.context.jdbc.SqlScriptsTestExecutionListener@776aec5c, org.springframework.security.test.context.support.WithSecurityContextTestExecutionListener@1d296da, org.springframework.security.test.context.support.ReactorContextTestExecutionListener@7c7a06ec, org.springframework.boot.test.mock.mockito.ResetMocksTestExecutionListener@75d4a5c2, org.springframework.boot.test.autoconfigure.restdocs.RestDocsTestExecutionListener@557caf28, org.springframework.boot.test.autoconfigure.web.client.MockRestServiceServerResetTestExecutionListener@408d971b, org.springframework.boot.test.autoconfigure.web.servlet.MockMvcPrintOnlyOnFailureTestExecutionListener@6c6cb480, org.springframework.boot.test.autoconfigure.web.servlet.WebDriverTestExecutionListener@3c46e67a]
11:15:48.474 [main] DEBUG org.springframework.test.annotation.ProfileValueUtils - Retrieved @ProfileValueSourceConfiguration [null] for test class [com.tomekl007.packt.booking.api.MVCControllerTest]
11:15:48.475 [main] DEBUG org.springframework.test.annotation.ProfileValueUtils - Retrieved ProfileValueSource type [class org.springframework.test.annotation.SystemProfileValueSource] for class [com.tomekl007.packt.booking.api.MVCControllerTest]
11:15:48.478 [main] DEBUG org.springframework.test.annotation.ProfileValueUtils - Retrieved @ProfileValueSourceConfiguration [null] for test class [com.tomekl007.packt.booking.api.MVCControllerTest]
11:15:48.478 [main] DEBUG org.springframework.test.annotation.ProfileValueUtils - Retrieved ProfileValueSource type [class org.springframework.test.annotation.SystemProfileValueSource] for class [com.tomekl007.packt.booking.api.MVCControllerTest]
11:15:48.479 [main] DEBUG org.springframework.test.annotation.ProfileValueUtils - Retrieved @ProfileValueSourceConfiguration [null] for test class [com.tomekl007.packt.booking.api.MVCControllerTest]
11:15:48.479 [main] DEBUG org.springframework.test.annotation.ProfileValueUtils - Retrieved ProfileValueSource type [class org.springframework.test.annotation.SystemProfileValueSource] for class [com.tomekl007.packt.booking.api.MVCControllerTest]
11:15:48.487 [main] DEBUG org.springframework.test.context.support.AbstractDirtiesContextTestExecutionListener - Before test class: context [DefaultTestContext@6989da5e testClass = MVCControllerTest, testInstance = [null], testMethod = [null], testException = [null], mergedContextConfiguration = [WebMergedContextConfiguration@385c9627 testClass = MVCControllerTest, locations = '{}', classes = '{class com.tomekl007.packt.PacktApplication, class com.tomekl007.packt.booking.infrastructure.security.SpringSecurityWebAppConfig}', contextInitializerClasses = '[]', activeProfiles = '{}', propertySourceLocations = '{}', propertySourceProperties = '{org.springframework.boot.test.autoconfigure.web.servlet.WebMvcTestContextBootstrapper=true}', contextCustomizers = set[[ImportsContextCustomizer@139982de key = [org.springframework.boot.test.autoconfigure.web.servlet.MockMvcAutoConfiguration, org.springframework.boot.test.autoconfigure.web.servlet.MockMvcSecurityAutoConfiguration, org.springframework.boot.test.autoconfigure.web.servlet.MockMvcWebClientAutoConfiguration, org.springframework.boot.test.autoconfigure.web.servlet.MockMvcWebDriverAutoConfiguration, org.springframework.boot.autoconfigure.cache.CacheAutoConfiguration, org.springframework.boot.autoconfigure.context.MessageSourceAutoConfiguration, org.springframework.boot.autoconfigure.data.web.SpringDataWebAutoConfiguration, org.springframework.boot.autoconfigure.freemarker.FreeMarkerAutoConfiguration, org.springframework.boot.autoconfigure.groovy.template.GroovyTemplateAutoConfiguration, org.springframework.boot.autoconfigure.gson.GsonAutoConfiguration, org.springframework.boot.autoconfigure.hateoas.HypermediaAutoConfiguration, org.springframework.boot.autoconfigure.http.HttpMessageConvertersAutoConfiguration, org.springframework.boot.autoconfigure.jackson.JacksonAutoConfiguration, org.springframework.boot.autoconfigure.jsonb.JsonbAutoConfiguration, org.springframework.boot.autoconfigure.mustache.MustacheAutoConfiguration, org.springframework.boot.autoconfigure.task.TaskExecutionAutoConfiguration, org.springframework.boot.autoconfigure.thymeleaf.ThymeleafAutoConfiguration, org.springframework.boot.autoconfigure.validation.ValidationAutoConfiguration, org.springframework.boot.autoconfigure.web.servlet.error.ErrorMvcAutoConfiguration, org.springframework.boot.autoconfigure.web.servlet.WebMvcAutoConfiguration]], org.springframework.boot.test.context.filter.ExcludeFilterContextCustomizer@36c88a32, org.springframework.boot.test.json.DuplicateJsonObjectContextCustomizerFactory$DuplicateJsonObjectContextCustomizer@6ef888f6, org.springframework.boot.test.mock.mockito.MockitoContextCustomizer@1fd1c512, org.springframework.boot.test.autoconfigure.OverrideAutoConfigurationContextCustomizerFactory$DisableAutoConfigurationContextCustomizer@a9cd3b1, org.springframework.boot.test.autoconfigure.filter.TypeExcludeFiltersContextCustomizer@64373f20, org.springframework.boot.test.autoconfigure.properties.PropertyMappingContextCustomizer@fd4f6306, org.springframework.boot.test.autoconfigure.web.servlet.WebDriverContextCustomizerFactory$Customizer@55b7a4e0], resourceBasePath = '', contextLoader = 'org.springframework.boot.test.context.SpringBootContextLoader', parent = [null]], attributes = map[[empty]]], class annotated with @DirtiesContext [false] with mode [null].
11:15:48.488 [main] DEBUG org.springframework.test.annotation.ProfileValueUtils - Retrieved @ProfileValueSourceConfiguration [null] for test class [com.tomekl007.packt.booking.api.MVCControllerTest]
11:15:48.488 [main] DEBUG org.springframework.test.annotation.ProfileValueUtils - Retrieved ProfileValueSource type [class org.springframework.test.annotation.SystemProfileValueSource] for class [com.tomekl007.packt.booking.api.MVCControllerTest]
11:15:48.711 [main] DEBUG org.springframework.test.context.support.TestPropertySourceUtils - Adding inlined properties to environment: {spring.jmx.enabled=false, org.springframework.boot.test.autoconfigure.web.servlet.WebMvcTestContextBootstrapper=true, server.port=-1}
2019-01-12 11:15:50.077  INFO 5012 --- [           main] trationDelegate$BeanPostProcessorChecker : Bean 'configurationPropertiesRebinderAutoConfiguration' of type [org.springframework.cloud.autoconfigure.ConfigurationPropertiesRebinderAutoConfiguration$$EnhancerBySpringCGLIB$$6fc179e7] is not eligible for getting processed by all BeanPostProcessors (for example: not eligible for auto-proxying)

  .   ____          _            __ _ _
 /\\ / ___'_ __ _ _(_)_ __  __ _ \ \ \ \
( ( )\___ | '_ | '_| | '_ \/ _` | \ \ \ \
 \\/  ___)| |_)| | | | | || (_| |  ) ) ) )
  '  |____| .__|_| |_|_| |_\__, | / / / /
 =========|_|==============|___/=/_/_/_/
 :: Spring Boot ::        (v2.1.1.RELEASE)

2019-01-12 11:15:50.620  INFO 5012 --- [           main] c.t.packt.booking.api.MVCControllerTest  : No active profile set, falling back to default profiles: default
2019-01-12 11:15:52.300  INFO 5012 --- [           main] trationDelegate$BeanPostProcessorChecker : Bean 'org.springframework.hateoas.config.HateoasConfiguration' of type [org.springframework.hateoas.config.HateoasConfiguration$$EnhancerBySpringCGLIB$$d327c41c] is not eligible for getting processed by all BeanPostProcessors (for example: not eligible for auto-proxying)
2019-01-12 11:15:53.169  INFO 5012 --- [           main] .s.s.UserDetailsServiceAutoConfiguration : 

Using generated security password: 197f5c98-5236-4559-b1f8-4bf6bf77d1de

2019-01-12 11:15:53.304  INFO 5012 --- [           main] o.s.s.web.DefaultSecurityFilterChain     : Creating filter chain: Ant [pattern='/templates/**'], []
2019-01-12 11:15:53.304  INFO 5012 --- [           main] o.s.s.web.DefaultSecurityFilterChain     : Creating filter chain: Ant [pattern='/assets/**'], []
2019-01-12 11:15:53.470  INFO 5012 --- [           main] o.s.s.web.DefaultSecurityFilterChain     : Creating filter chain: any request, [org.springframework.security.web.context.request.async.WebAsyncManagerIntegrationFilter@74834afd, org.springframework.security.web.context.SecurityContextPersistenceFilter@3135bf25, org.springframework.security.web.header.HeaderWriterFilter@58a2d9f9, org.springframework.security.web.authentication.logout.LogoutFilter@5261ec9, org.springframework.security.web.savedrequest.RequestCacheAwareFilter@4116f66a, org.springframework.security.web.servletapi.SecurityContextHolderAwareRequestFilter@388623ad, org.springframework.security.web.authentication.AnonymousAuthenticationFilter@75fd65c, org.springframework.security.web.session.SessionManagementFilter@f438904, org.springframework.security.web.access.ExceptionTranslationFilter@342e690b, org.springframework.security.web.access.intercept.FilterSecurityInterceptor@41ccb3b9]
2019-01-12 11:15:54.126  INFO 5012 --- [           main] o.s.s.concurrent.ThreadPoolTaskExecutor  : Initializing ExecutorService 'applicationTaskExecutor'
2019-01-12 11:15:54.472  INFO 5012 --- [           main] o.s.b.a.w.s.WelcomePageHandlerMapping    : Adding welcome page: class path resource [static/index.html]
2019-01-12 11:15:54.784  INFO 5012 --- [           main] o.s.b.t.m.w.SpringBootMockServletContext : Initializing Spring TestDispatcherServlet ''
2019-01-12 11:15:54.784  INFO 5012 --- [           main] o.s.t.web.servlet.TestDispatcherServlet  : Initializing Servlet ''
2019-01-12 11:15:54.810  INFO 5012 --- [           main] o.s.t.web.servlet.TestDispatcherServlet  : Completed initialization in 26 ms
2019-01-12 11:15:54.874  INFO 5012 --- [           main] c.t.packt.booking.api.MVCControllerTest  : Started MVCControllerTest in 6.148 seconds (JVM running for 7.464)

MockHttpServletRequest:
      HTTP Method = GET
      Request URI = /mvc/createTravel
       Parameters = {}
          Headers = {}
             Body = <no character encoding set>
    Session Attrs = {}

Handler:
             Type = com.tomekl007.packt.booking.api.MVCController
           Method = public java.lang.String com.tomekl007.packt.booking.api.MVCController.travelForm(org.springframework.ui.Model)

Async:
    Async started = false
     Async result = null

Resolved Exception:
             Type = null

ModelAndView:
        View name = create
             View = null
        Attribute = travelDto
            value = TravelDto{userId='null', source='null', destination='null'}
           errors = []

FlashMap:
       Attributes = null

MockHttpServletResponse:
           Status = 200
    Error message = null
          Headers = {Content-Language=[en], Content-Type=[text/html;charset=UTF-8], X-Content-Type-Options=[nosniff], X-XSS-Protection=[1; mode=block], Cache-Control=[no-cache, no-store, max-age=0, must-revalidate], Pragma=[no-cache], Expires=[0], X-Frame-Options=[DENY]}
     Content type = text/html;charset=UTF-8
             Body = <html>
<head>
    <title>Create new Travel</title>
    <meta http-equiv="Content-Type" content="text/html; charset=UTF-8"/>
</head>
<body>
<h1>Form</h1>
<form action="/mvc/travel" method="post">
    <p>userId: <input type="text" id="userId" name="userId" value=""/></p>
    <p>source: <input type="text" id="source" name="source" value=""/></p>
    <p>destination: <input type="text" id="destination" name="destination" value=""/></p>
    <p><input type="submit" value="Submit"/> <input type="reset" value="Reset"/></p>
</form>
</body>
</html>
    Forwarded URL = null
   Redirected URL = null
          Cookies = []

MockHttpServletRequest:
      HTTP Method = GET
      Request URI = /mvc/createTravel
       Parameters = {}
          Headers = {}
             Body = <no character encoding set>
    Session Attrs = {}

Handler:
             Type = com.tomekl007.packt.booking.api.MVCController
           Method = public java.lang.String com.tomekl007.packt.booking.api.MVCController.travelForm(org.springframework.ui.Model)

Async:
    Async started = false
     Async result = null

Resolved Exception:
             Type = null

ModelAndView:
        View name = create
             View = null
        Attribute = travelDto
            value = TravelDto{userId='null', source='null', destination='null'}
           errors = []

FlashMap:
       Attributes = null

MockHttpServletResponse:
           Status = 200
    Error message = null
          Headers = {Content-Language=[en], Content-Type=[text/html;charset=UTF-8], X-Content-Type-Options=[nosniff], X-XSS-Protection=[1; mode=block], Cache-Control=[no-cache, no-store, max-age=0, must-revalidate], Pragma=[no-cache], Expires=[0], X-Frame-Options=[DENY]}
     Content type = text/html;charset=UTF-8
             Body = <html>
<head>
    <title>Create new Travel</title>
    <meta http-equiv="Content-Type" content="text/html; charset=UTF-8"/>
</head>
<body>
<h1>Form</h1>
<form action="/mvc/travel" method="post">
    <p>userId: <input type="text" id="userId" name="userId" value=""/></p>
    <p>source: <input type="text" id="source" name="source" value=""/></p>
    <p>destination: <input type="text" id="destination" name="destination" value=""/></p>
    <p><input type="submit" value="Submit"/> <input type="reset" value="Reset"/></p>
</form>
</body>
</html>
    Forwarded URL = null
   Redirected URL = null
          Cookies = []
]]></system-out>
  </testcase>
  <testcase name="shouldReturnAllAvailableTravels" classname="com.tomekl007.packt.booking.api.MVCControllerTest" time="0.254"/>
  <testcase name="shouldPostNewTravel" classname="com.tomekl007.packt.booking.api.MVCControllerTest" time="0"/>
</testsuite>